<?xml version="1.0" encoding="UTF-8"?>
<coverage generated="1594723609509" clover="3.2.0">
  <project timestamp="1594723609509" name="All files">
    <metrics statements="25" coveredstatements="25" conditionals="1" coveredconditionals="1" methods="11" coveredmethods="11" elements="37" coveredelements="37" complexity="0" loc="25" ncloc="25" packages="1" files="2" classes="2"/>
    <file name="bank.js" path="/Users/chriscooney/projects/makers/Week_10/bank_tech_test/src/bank.js">
      <metrics statements="16" coveredstatements="16" conditionals="1" coveredconditionals="1" methods="6" coveredmethods="6"/>
      <line num="5" count="5" type="stmt"/>
      <line num="6" count="5" type="stmt"/>
      <line num="7" count="5" type="stmt"/>
      <line num="11" count="3" type="stmt"/>
      <line num="12" count="3" type="stmt"/>
      <line num="13" count="3" type="stmt"/>
      <line num="17" count="2" type="stmt"/>
      <line num="18" count="2" type="stmt"/>
      <line num="19" count="2" type="stmt"/>
      <line num="23" count="1" type="stmt"/>
      <line num="27" count="5" type="stmt"/>
      <line num="28" count="5" type="stmt"/>
      <line num="29" count="5" type="stmt"/>
      <line num="30" count="5" type="stmt"/>
      <line num="31" count="5" type="stmt"/>
      <line num="35" count="1" type="stmt"/>
    </file>
    <file name="history.js" path="/Users/chriscooney/projects/makers/Week_10/bank_tech_test/src/history.js">
      <metrics statements="9" coveredstatements="9" conditionals="0" coveredconditionals="0" methods="5" coveredmethods="5"/>
      <line num="3" count="5" type="stmt"/>
      <line num="7" count="2" type="stmt"/>
      <line num="8" count="2" type="stmt"/>
      <line num="9" count="2" type="stmt"/>
      <line num="13" count="2" type="stmt"/>
      <line num="14" count="2" type="stmt"/>
      <line num="15" count="2" type="stmt"/>
      <line num="19" count="1" type="stmt"/>
      <line num="23" count="9" type="stmt"/>
    </file>
  </project>
</coverage>
