{"/Users/chriscooney/projects/makers/Week_10/bank_tech_test/src/bank.js": {"path":"/Users/chriscooney/projects/makers/Week_10/bank_tech_test/src/bank.js","statementMap":{"0":{"start":{"line":3,"column":4},"end":{"line":3,"column":21}}},"fnMap":{"0":{"name":"(anonymous_0)","decl":{"start":{"line":2,"column":2},"end":{"line":2,"column":3}},"loc":{"start":{"line":2,"column":16},"end":{"line":4,"column":3}},"line":2}},"branchMap":{},"s":{"0":1},"f":{"0":1},"b":{},"_coverageSchema":"1a1c01bbd47fc00a2c39e90264f33305004495a9","hash":"95de8d206088a9ca3a097d9c2c05fa093ba15eb5"}
}
