TN:
SF:src/bank.js
FN:5,(anonymous_0)
FN:10,(anonymous_1)
FN:14,(anonymous_2)
FN:21,(anonymous_3)
FN:28,(anonymous_4)
FN:32,(anonymous_5)
FNF:6
FNH:6
FNDA:9,(anonymous_0)
FNDA:11,(anonymous_1)
FNDA:5,(anonymous_2)
FNDA:3,(anonymous_3)
FNDA:2,(anonymous_4)
FNDA:8,(anonymous_5)
DA:2,2
DA:6,9
DA:7,9
DA:11,11
DA:15,5
DA:16,5
DA:17,5
DA:18,5
DA:22,3
DA:23,3
DA:24,3
DA:25,3
DA:29,2
DA:33,8
DA:34,8
DA:35,8
DA:36,8
DA:37,8
DA:41,2
LF:19
LH:19
BRDA:5,0,0,9
BRF:1
BRH:1
end_of_record
TN:
SF:src/history.js
FN:4,(anonymous_0)
FN:9,(anonymous_1)
FN:16,(anonymous_2)
FN:23,(anonymous_3)
FN:27,(anonymous_4)
FN:30,(anonymous_5)
FN:37,(anonymous_6)
FN:43,(anonymous_7)
FNF:8
FNH:8
FNDA:9,(anonymous_0)
FNDA:5,(anonymous_1)
FNDA:3,(anonymous_2)
FNDA:2,(anonymous_3)
FNDA:2,(anonymous_4)
FNDA:3,(anonymous_5)
FNDA:3,(anonymous_6)
FNDA:17,(anonymous_7)
DA:2,3
DA:5,9
DA:6,9
DA:10,5
DA:11,5
DA:12,5
DA:13,5
DA:17,3
DA:18,3
DA:19,3
DA:20,3
DA:24,2
DA:28,2
DA:29,2
DA:30,2
DA:31,3
DA:32,3
DA:34,2
DA:38,3
DA:39,3
DA:40,3
DA:44,17
DA:48,3
LF:23
LH:23
BRF:0
BRH:0
end_of_record
TN:
SF:src/transaction.js
FN:2,(anonymous_0)
FN:6,(anonymous_1)
FNF:2
FNH:2
FNDA:7,(anonymous_0)
FNDA:3,(anonymous_1)
DA:3,7
DA:7,3
DA:12,4
LF:3
LH:3
BRF:0
BRH:0
end_of_record
